<?xml version="1.0" encoding="UTF-8"?>
<!-- Generated by org.testng.reporters.JUnitXMLReporter -->
<testsuite ignored="0" hostname="ATMECSINDT-083" failures="1" tests="3" name="Test" time="60.889" errors="0" timestamp="16 Sep 2019 05:35:41 GMT">
  <testcase classname="com.PhpTravelsHotelApplication.TestScript.SearchAndFilter" name="getSearchDetails" time="6.555"/>
  <testcase classname="com.PhpTravelsHotelApplication.TestScript.SearchAndFilter" name="verifyPriceTextUpdate" time="10.742">
    <failure type="org.openqa.selenium.NoSuchElementException" message="no such element: Unable to locate element: {&amp;quot;method&amp;quot;:&amp;quot;xpath&amp;quot;,&amp;quot;selector&amp;quot;:&amp;quot;//table[@id=&amp;quot;listing&amp;quot;]/tbody/tr[1]/td/div[3]/div/small&amp;quot;}
  (Session info: chrome=76.0.3809.132)
For documentation on this error, please visit: https://www.seleniumhq.org/exceptions/no_such_element.html
Build info: version: &amp;apos;4.0.0-alpha-2&amp;apos;, revision: &amp;apos;f148142cf8&amp;apos;, time: &amp;apos;2019-07-01T20:55:26&amp;apos;
System info: host: &amp;apos;ATMECSINDT-083&amp;apos;, ip: &amp;apos;50.50.50.132&amp;apos;, os.name: &amp;apos;Windows 10&amp;apos;, os.arch: &amp;apos;amd64&amp;apos;, os.version: &amp;apos;10.0&amp;apos;, java.version: &amp;apos;12.0.1&amp;apos;
Driver info: org.openqa.selenium.chrome.ChromeDriver
Capabilities {acceptInsecureCerts: false, browserName: chrome, browserVersion: 76.0.3809.132, chrome: {chromedriverVersion: 76.0.3809.126 (d80a294506b4..., userDataDir: C:\Users\INDIRA~1.SAR\AppDa...}, goog:chromeOptions: {debuggerAddress: localhost:55725}, javascriptEnabled: true, networkConnectionEnabled: false, pageLoadStrategy: normal, platform: XP, platformName: XP, proxy: Proxy(), setWindowRect: true, strictFileInteractability: false, timeouts: {implicit: 0, pageLoad: 300000, script: 30000}, unhandledPromptBehavior: dismiss and notify}
Session ID: e418054eb773a562920d3e336c8445f3
*** Element info: {Using=xpath, value=//table[@id=&amp;quot;listing&amp;quot;]/tbody/tr[1]/td/div[3]/div/small}">
      <![CDATA[org.openqa.selenium.NoSuchElementException: no such element: Unable to locate element: {"method":"xpath","selector":"//table[@id="listing"]/tbody/tr[1]/td/div[3]/div/small"}
  (Session info: chrome=76.0.3809.132)
For documentation on this error, please visit: https://www.seleniumhq.org/exceptions/no_such_element.html
Build info: version: '4.0.0-alpha-2', revision: 'f148142cf8', time: '2019-07-01T20:55:26'
System info: host: 'ATMECSINDT-083', ip: '50.50.50.132', os.name: 'Windows 10', os.arch: 'amd64', os.version: '10.0', java.version: '12.0.1'
Driver info: org.openqa.selenium.chrome.ChromeDriver
Capabilities {acceptInsecureCerts: false, browserName: chrome, browserVersion: 76.0.3809.132, chrome: {chromedriverVersion: 76.0.3809.126 (d80a294506b4..., userDataDir: C:\Users\INDIRA~1.SAR\AppDa...}, goog:chromeOptions: {debuggerAddress: localhost:55725}, javascriptEnabled: true, networkConnectionEnabled: false, pageLoadStrategy: normal, platform: XP, platformName: XP, proxy: Proxy(), setWindowRect: true, strictFileInteractability: false, timeouts: {implicit: 0, pageLoad: 300000, script: 30000}, unhandledPromptBehavior: dismiss and notify}
Session ID: e418054eb773a562920d3e336c8445f3
*** Element info: {Using=xpath, value=//table[@id="listing"]/tbody/tr[1]/td/div[3]/div/small}
	at org.openqa.selenium.remote.codec.w3c.W3CHttpResponseCodec.createException(W3CHttpResponseCodec.java:191)
	at org.openqa.selenium.remote.codec.w3c.W3CHttpResponseCodec.decode(W3CHttpResponseCodec.java:125)
	at org.openqa.selenium.remote.codec.w3c.W3CHttpResponseCodec.decode(W3CHttpResponseCodec.java:52)
	at org.openqa.selenium.remote.HttpCommandExecutor.execute(HttpCommandExecutor.java:161)
	at org.openqa.selenium.remote.service.DriverCommandExecutor.execute(DriverCommandExecutor.java:83)
	at org.openqa.selenium.remote.RemoteWebDriver.execute(RemoteWebDriver.java:576)
	at org.openqa.selenium.remote.RemoteWebDriver.findElement(RemoteWebDriver.java:327)
	at org.openqa.selenium.remote.RemoteWebDriver.findElementByXPath(RemoteWebDriver.java:445)
	at org.openqa.selenium.By$ByXPath.findElement(By.java:353)
	at org.openqa.selenium.remote.RemoteWebDriver.findElement(RemoteWebDriver.java:319)
	at com.PhpTravelsHotelApplication.pages.ValidatePriceType.validatePriceType(ValidatePriceType.java:22)
	at com.PhpTravelsHotelApplication.TestScript.SearchAndFilter.verifyPriceTextUpdate(SearchAndFilter.java:69)
... Removed 30 stack frames]]>
    </failure>
  </testcase> <!-- verifyPriceTextUpdate -->
  <testcase classname="com.PhpTravelsHotelApplication.TestScript.SearchAndFilter" name="ValidateDataFilteredorNot" time="20.76"/>
</testsuite> <!-- Test -->
