<?xml version="1.0" encoding="UTF-8"?>
<!-- Generated by org.testng.reporters.JUnitXMLReporter -->
<testsuite ignored="0" hostname="ATMECSINDT-083" failures="0" tests="3" name="Test" time="1.569" errors="0" timestamp="2019-09-17T18:59:18 IST">
  <testcase classname="com.PhpTravelsHotelApplication.Report.ExtendReport" name="@BeforeMethod tearDown" time="0.015">
    <failure type="java.lang.Error" message="Unresolved compilation problems: 
	driver cannot be resolved to a variable
	driver cannot be resolved to a variable
	driver cannot be resolved to a variable
">
      <![CDATA[java.lang.Error: Unresolved compilation problems: 
driver cannot be resolved to a variable
driver cannot be resolved to a variable
driver cannot be resolved to a variable

at com.PhpTravelsHotelApplication.Report.ExtendReport.tearDown(ExtendReport.java:41)
at java.base/java.util.ArrayList.forEach(ArrayList.java:1540)
... Removed 36 stack frames]]>
    </failure>
  </testcase> <!-- @BeforeMethod tearDown -->
  <testcase classname="com.PhpTravelsHotelApplication.Report.ExtendReport" name="@AfterMethod endReport" time="-1.568726957932E9">
    <skipped/>
  </testcase> <!-- @AfterMethod endReport -->
  <testcase classname="com.PhpTravelsHotelApplication.Report.ExtendReport" name="@BeforeMethod tearDown" time="-1.568726957991E9">
    <skipped/>
  </testcase> <!-- @BeforeMethod tearDown -->
  <testcase classname="com.PhpTravelsHotelApplication.Report.ExtendReport" name="@AfterMethod endReport" time="-1.568726957993E9">
    <skipped/>
  </testcase> <!-- @AfterMethod endReport -->
  <testcase classname="com.PhpTravelsHotelApplication.Report.ExtendReport" name="@BeforeMethod tearDown" time="-1.568726957995E9">
    <skipped/>
  </testcase> <!-- @BeforeMethod tearDown -->
  <testcase classname="com.PhpTravelsHotelApplication.Report.ExtendReport" name="@AfterMethod endReport" time="-1.568726957998E9">
    <skipped/>
  </testcase> <!-- @AfterMethod endReport -->
  <testcase classname="com.PhpTravelsHotelApplication.TestScript.SearchAndFilter" name="getSearchDetails" time="0.0">
    <skipped/>
  </testcase> <!-- getSearchDetails -->
  <testcase classname="com.PhpTravelsHotelApplication.TestScript.SearchAndFilter" name="verifyPriceTextUpdate" time="0.0">
    <skipped/>
  </testcase> <!-- verifyPriceTextUpdate -->
  <testcase classname="com.PhpTravelsHotelApplication.TestScript.SearchAndFilter" name="validateDataFilteredorNot" time="0.0">
    <skipped/>
  </testcase> <!-- validateDataFilteredorNot -->
</testsuite> <!-- Test -->
