<?xml version="1.0" encoding="UTF-8"?>
<!-- Generated by org.testng.reporters.JUnitXMLReporter -->
<testsuite ignored="0" hostname="ATMECSINDT-083" failures="0" tests="3" name="Test" time="1.922" errors="0" timestamp="2019-09-18T16:11:38 IST">
  <testcase classname="com.PhpTravelsHotelApplication.BaseClass.BaseClass" name="@BeforeTest setup" time="0.03">
    <failure type="java.lang.Error" message="Unresolved compilation problem: 
	Cannot switch on a value of type String for source level below 1.7. Only convertible int values or enum variables are permitted
">
      <![CDATA[java.lang.Error: Unresolved compilation problem: 
Cannot switch on a value of type String for source level below 1.7. Only convertible int values or enum variables are permitted

at com.PhpTravelsHotelApplication.BaseClass.BaseClass.setup(BaseClass.java:34)
... Removed 29 stack frames]]>
    </failure>
  </testcase> <!-- @BeforeTest setup -->
  <testcase classname="com.PhpTravelsHotelApplication.Report.ExtendReport" name="@BeforeMethod tearDown" time="-1.568803298757E9">
    <skipped/>
  </testcase> <!-- @BeforeMethod tearDown -->
  <testcase classname="com.PhpTravelsHotelApplication.Report.ExtendReport" name="@BeforeMethod tearDown" time="-1.568803298766E9">
    <skipped/>
  </testcase> <!-- @BeforeMethod tearDown -->
  <testcase classname="com.PhpTravelsHotelApplication.Report.ExtendReport" name="@BeforeMethod tearDown" time="-1.568803298769E9">
    <skipped/>
  </testcase> <!-- @BeforeMethod tearDown -->
  <testcase classname="com.PhpTravelsHotelApplication.Report.ExtendReport" name="@AfterTest endReport" time="-1.568803298771E9">
    <skipped/>
  </testcase> <!-- @AfterTest endReport -->
  <testcase classname="com.PhpTravelsHotelApplication.TestScript.SearchAndFilter" name="getSearchDetails" time="0.0">
    <skipped/>
  </testcase> <!-- getSearchDetails -->
  <testcase classname="com.PhpTravelsHotelApplication.TestScript.SearchAndFilter" name="verifyPriceTextUpdate" time="0.0">
    <skipped/>
  </testcase> <!-- verifyPriceTextUpdate -->
  <testcase classname="com.PhpTravelsHotelApplication.TestScript.SearchAndFilter" name="validateDataFilteredorNot" time="0.0">
    <skipped/>
  </testcase> <!-- validateDataFilteredorNot -->
</testsuite> <!-- Test -->
