<?xml version="1.0" encoding="UTF-8"?>
<testng-results ignored="0" total="3" passed="3" failed="0" skipped="0">
  <reporter-output>
  </reporter-output>
  <suite started-at="2019-09-17T12:24:31Z" name="Default suite" finished-at="2019-09-17T12:25:44Z" duration-ms="73174">
    <groups>
    </groups>
    <test started-at="2019-09-17T12:24:31Z" name="Default test" finished-at="2019-09-17T12:25:44Z" duration-ms="73174">
      <class name="com.PhpTravelsHotelApplication.TestScript.SearchAndFilter">
        <test-method is-config="true" signature="setup()[pri:0, instance:com.PhpTravelsHotelApplication.TestScript.SearchAndFilter@6e75aa0d]" started-at="2019-09-17T17:54:31Z" name="setup" finished-at="2019-09-17T17:54:49Z" duration-ms="17471" status="PASS">
          <reporter-output>
          </reporter-output>
        </test-method> <!-- setup -->
        <test-method is-config="true" signature="tearDown(org.testng.ITestResult)[pri:0, instance:com.PhpTravelsHotelApplication.TestScript.SearchAndFilter@6e75aa0d]" started-at="2019-09-17T17:54:51Z" name="tearDown" finished-at="2019-09-17T17:54:51Z" duration-ms="254" status="PASS">
          <params>
            <param index="0">
              <value>
                <![CDATA[[TestResult name=getSearchDetails status=SUCCESS method=SearchAndFilter.getSearchDetails(java.lang.String, java.lang.String)[pri:0, instance:com.PhpTravelsHotelApplication.TestScript.SearchAndFilter@6e75aa0d] output={null}]]]>
              </value>
            </param>
          </params>
          <reporter-output>
          </reporter-output>
        </test-method> <!-- tearDown -->
        <test-method signature="getSearchDetails(java.lang.String, java.lang.String)[pri:0, instance:com.PhpTravelsHotelApplication.TestScript.SearchAndFilter@6e75aa0d]" started-at="2019-09-17T17:54:51Z" name="getSearchDetails" data-provider="searchDetails" finished-at="2019-09-17T17:55:07Z" duration-ms="15664" status="PASS">
          <params>
            <param index="0">
              <value>
                <![CDATA[17/09/2019]]>
              </value>
            </param>
            <param index="1">
              <value>
                <![CDATA[20/09/2019]]>
              </value>
            </param>
          </params>
          <reporter-output>
          </reporter-output>
        </test-method> <!-- getSearchDetails -->
        <test-method is-config="true" signature="endReport()[pri:0, instance:com.PhpTravelsHotelApplication.TestScript.SearchAndFilter@6e75aa0d]" started-at="2019-09-17T17:55:07Z" name="endReport" finished-at="2019-09-17T17:55:08Z" duration-ms="1321" status="PASS">
          <reporter-output>
          </reporter-output>
        </test-method> <!-- endReport -->
        <test-method is-config="true" signature="tearDown(org.testng.ITestResult)[pri:0, instance:com.PhpTravelsHotelApplication.TestScript.SearchAndFilter@6e75aa0d]" started-at="2019-09-17T17:55:08Z" name="tearDown" finished-at="2019-09-17T17:55:08Z" duration-ms="6" status="PASS">
          <params>
            <param index="0">
              <value>
                <![CDATA[[TestResult name=verifyPriceTextUpdate status=SUCCESS method=SearchAndFilter.verifyPriceTextUpdate()[pri:1, instance:com.PhpTravelsHotelApplication.TestScript.SearchAndFilter@6e75aa0d] output={null}]]]>
              </value>
            </param>
          </params>
          <reporter-output>
          </reporter-output>
        </test-method> <!-- tearDown -->
        <test-method signature="verifyPriceTextUpdate()[pri:1, instance:com.PhpTravelsHotelApplication.TestScript.SearchAndFilter@6e75aa0d]" started-at="2019-09-17T17:55:08Z" name="verifyPriceTextUpdate" finished-at="2019-09-17T17:55:10Z" duration-ms="1477" status="PASS">
          <reporter-output>
          </reporter-output>
        </test-method> <!-- verifyPriceTextUpdate -->
        <test-method is-config="true" signature="endReport()[pri:0, instance:com.PhpTravelsHotelApplication.TestScript.SearchAndFilter@6e75aa0d]" started-at="2019-09-17T17:55:10Z" name="endReport" finished-at="2019-09-17T17:55:10Z" duration-ms="249" status="PASS">
          <reporter-output>
          </reporter-output>
        </test-method> <!-- endReport -->
        <test-method is-config="true" signature="tearDown(org.testng.ITestResult)[pri:0, instance:com.PhpTravelsHotelApplication.TestScript.SearchAndFilter@6e75aa0d]" started-at="2019-09-17T17:55:10Z" name="tearDown" finished-at="2019-09-17T17:55:10Z" duration-ms="3" status="PASS">
          <params>
            <param index="0">
              <value>
                <![CDATA[[TestResult name=validateDataFilteredorNot status=SUCCESS method=SearchAndFilter.validateDataFilteredorNot()[pri:2, instance:com.PhpTravelsHotelApplication.TestScript.SearchAndFilter@6e75aa0d] output={null}]]]>
              </value>
            </param>
          </params>
          <reporter-output>
          </reporter-output>
        </test-method> <!-- tearDown -->
        <test-method signature="validateDataFilteredorNot()[pri:2, instance:com.PhpTravelsHotelApplication.TestScript.SearchAndFilter@6e75aa0d]" started-at="2019-09-17T17:55:10Z" name="validateDataFilteredorNot" finished-at="2019-09-17T17:55:43Z" duration-ms="33247" status="PASS">
          <reporter-output>
          </reporter-output>
        </test-method> <!-- validateDataFilteredorNot -->
        <test-method is-config="true" signature="endReport()[pri:0, instance:com.PhpTravelsHotelApplication.TestScript.SearchAndFilter@6e75aa0d]" started-at="2019-09-17T17:55:43Z" name="endReport" finished-at="2019-09-17T17:55:43Z" duration-ms="172" status="PASS">
          <reporter-output>
          </reporter-output>
        </test-method> <!-- endReport -->
        <test-method is-config="true" signature="close()[pri:0, instance:com.PhpTravelsHotelApplication.TestScript.SearchAndFilter@6e75aa0d]" started-at="2019-09-17T17:55:43Z" name="close" finished-at="2019-09-17T17:55:44Z" duration-ms="931" status="PASS">
          <reporter-output>
          </reporter-output>
        </test-method> <!-- close -->
      </class> <!-- com.PhpTravelsHotelApplication.TestScript.SearchAndFilter -->
    </test> <!-- Default test -->
  </suite> <!-- Default suite -->
</testng-results>
